<?xml version="1.0" encoding="UTF-8"?>
<testng-results skipped="0" failed="0" ignored="0" total="1" passed="1">
  <reporter-output>
  </reporter-output>
  <suite name="Default suite" duration-ms="38241" started-at="2017-07-08T10:39:59Z" finished-at="2017-07-08T10:40:37Z">
    <groups>
    </groups>
    <test name="Default test" duration-ms="38241" started-at="2017-07-08T10:39:59Z" finished-at="2017-07-08T10:40:37Z">
      <class name="org.bus.TestLoginOnFirefox">
        <test-method status="PASS" signature="beforeTest()[pri:0, instance:org.bus.TestLoginOnFirefox@1c62251]" name="beforeTest" is-config="true" duration-ms="18753" started-at="2017-07-08T17:39:59Z" finished-at="2017-07-08T17:40:17Z">
          <reporter-output>
          </reporter-output>
        </test-method> <!-- beforeTest -->
        <test-method status="PASS" signature="TestLogin()[pri:0, instance:org.bus.TestLoginOnFirefox@1c62251]" name="TestLogin" duration-ms="17958" started-at="2017-07-08T17:40:17Z" finished-at="2017-07-08T17:40:35Z">
          <reporter-output>
          </reporter-output>
        </test-method> <!-- TestLogin -->
        <test-method status="PASS" signature="afterTest()[pri:0, instance:org.bus.TestLoginOnFirefox@1c62251]" name="afterTest" is-config="true" duration-ms="1407" started-at="2017-07-08T17:40:35Z" finished-at="2017-07-08T17:40:37Z">
          <reporter-output>
          </reporter-output>
        </test-method> <!-- afterTest -->
      </class> <!-- org.bus.TestLoginOnFirefox -->
    </test> <!-- Default test -->
  </suite> <!-- Default suite -->
</testng-results>
