<?xml version="1.0" encoding="UTF-8"?>
<testng-results skipped="0" failed="0" ignored="0" total="1" passed="1">
  <reporter-output>
  </reporter-output>
  <suite name="Default suite" duration-ms="18275" started-at="2017-07-05T04:50:57Z" finished-at="2017-07-05T04:51:15Z">
    <groups>
    </groups>
    <test name="Default test" duration-ms="18275" started-at="2017-07-05T04:50:57Z" finished-at="2017-07-05T04:51:15Z">
      <class name="org.BUS.TestLogin">
        <test-method status="PASS" signature="beforeTest()[pri:0, instance:org.BUS.TestLogin@224edc67]" name="beforeTest" is-config="true" duration-ms="8005" started-at="2017-07-05T11:50:57Z" finished-at="2017-07-05T11:51:05Z">
          <reporter-output>
          </reporter-output>
        </test-method> <!-- beforeTest -->
        <test-method status="PASS" signature="TestLogin()[pri:0, instance:org.BUS.TestLogin@224edc67]" name="TestLogin" duration-ms="9676" started-at="2017-07-05T11:51:05Z" finished-at="2017-07-05T11:51:14Z">
          <reporter-output>
          </reporter-output>
        </test-method> <!-- TestLogin -->
        <test-method status="PASS" signature="afterTest()[pri:0, instance:org.BUS.TestLogin@224edc67]" name="afterTest" is-config="true" duration-ms="570" started-at="2017-07-05T11:51:14Z" finished-at="2017-07-05T11:51:15Z">
          <reporter-output>
          </reporter-output>
        </test-method> <!-- afterTest -->
      </class> <!-- org.BUS.TestLogin -->
    </test> <!-- Default test -->
  </suite> <!-- Default suite -->
</testng-results>
